1664386677.910938 client started (1769838): version 3.0a, socket /tmp/tmux-1003/default, protocol 8
1664386677.911005 on Linux 5.15.0-46-generic #49~20.04.1-Ubuntu SMP Thu Aug 4 19:15:44 UTC 2022; libevent 2.1.11-stable (poll)
1664386677.911039 socket is /tmp/tmux-1003/default
1664386677.911062 trying connect
1664386677.911206 add peer 0x564f74c738c0: 6 ((nil))
1664386677.911359 sending message 100 to peer 0x564f74c738c0 (4 bytes)
1664386677.911378 sending message 101 to peer 0x564f74c738c0 (16 bytes)
1664386677.911388 sending message 102 to peer 0x564f74c738c0 (11 bytes)
1664386677.911397 sending message 108 to peer 0x564f74c738c0 (30 bytes)
1664386677.911407 sending message 104 to peer 0x564f74c738c0 (0 bytes)
1664386677.911416 sending message 107 to peer 0x564f74c738c0 (4 bytes)
1664386677.911425 sending message 105 to peer 0x564f74c738c0 (16 bytes)
1664386677.911434 sending message 105 to peer 0x564f74c738c0 (84 bytes)
1664386677.911444 sending message 105 to peer 0x564f74c738c0 (19 bytes)
1664386677.911452 sending message 105 to peer 0x564f74c738c0 (20 bytes)
1664386677.911461 sending message 105 to peer 0x564f74c738c0 (53 bytes)
1664386677.911470 sending message 105 to peer 0x564f74c738c0 (58 bytes)
1664386677.911478 sending message 105 to peer 0x564f74c738c0 (23 bytes)
1664386677.911487 sending message 105 to peer 0x564f74c738c0 (44 bytes)
1664386677.911496 sending message 105 to peer 0x564f74c738c0 (37 bytes)
1664386677.911504 sending message 105 to peer 0x564f74c738c0 (18 bytes)
1664386677.911513 sending message 105 to peer 0x564f74c738c0 (45 bytes)
1664386677.911521 sending message 105 to peer 0x564f74c738c0 (62 bytes)
1664386677.911529 sending message 105 to peer 0x564f74c738c0 (16 bytes)
1664386677.911537 sending message 105 to peer 0x564f74c738c0 (32 bytes)
1664386677.911545 sending message 105 to peer 0x564f74c738c0 (41 bytes)
1664386677.911579 sending message 105 to peer 0x564f74c738c0 (52 bytes)
1664386677.911589 sending message 105 to peer 0x564f74c738c0 (62 bytes)
1664386677.911598 sending message 105 to peer 0x564f74c738c0 (20 bytes)
1664386677.911607 sending message 105 to peer 0x564f74c738c0 (31 bytes)
1664386677.911615 sending message 105 to peer 0x564f74c738c0 (19 bytes)
1664386677.911624 sending message 105 to peer 0x564f74c738c0 (24 bytes)
1664386677.911633 sending message 105 to peer 0x564f74c738c0 (105 bytes)
1664386677.911642 sending message 105 to peer 0x564f74c738c0 (28 bytes)
1664386677.911651 sending message 105 to peer 0x564f74c738c0 (34 bytes)
1664386677.911660 sending message 105 to peer 0x564f74c738c0 (35 bytes)
1664386677.911668 sending message 105 to peer 0x564f74c738c0 (14 bytes)
1664386677.911677 sending message 105 to peer 0x564f74c738c0 (25 bytes)
1664386677.911686 sending message 105 to peer 0x564f74c738c0 (52 bytes)
1664386677.911694 sending message 105 to peer 0x564f74c738c0 (54 bytes)
1664386677.911703 sending message 105 to peer 0x564f74c738c0 (31 bytes)
1664386677.911712 sending message 105 to peer 0x564f74c738c0 (22 bytes)
1664386677.911720 sending message 105 to peer 0x564f74c738c0 (49 bytes)
1664386677.911729 sending message 105 to peer 0x564f74c738c0 (15 bytes)
1664386677.911738 sending message 105 to peer 0x564f74c738c0 (17 bytes)
1664386677.911746 sending message 105 to peer 0x564f74c738c0 (18 bytes)
1664386677.911754 sending message 105 to peer 0x564f74c738c0 (17 bytes)
1664386677.911763 sending message 105 to peer 0x564f74c738c0 (1506 bytes)
1664386677.911777 sending message 105 to peer 0x564f74c738c0 (33 bytes)
1664386677.911786 sending message 105 to peer 0x564f74c738c0 (17 bytes)
1664386677.911795 sending message 105 to peer 0x564f74c738c0 (26 bytes)
1664386677.911804 sending message 105 to peer 0x564f74c738c0 (52 bytes)
1664386677.911812 sending message 105 to peer 0x564f74c738c0 (47 bytes)
1664386677.911821 sending message 105 to peer 0x564f74c738c0 (28 bytes)
1664386677.911829 sending message 105 to peer 0x564f74c738c0 (76 bytes)
1664386677.911838 sending message 105 to peer 0x564f74c738c0 (16 bytes)
1664386677.911846 sending message 105 to peer 0x564f74c738c0 (28 bytes)
1664386677.911872 sending message 105 to peer 0x564f74c738c0 (19 bytes)
1664386677.911881 sending message 105 to peer 0x564f74c738c0 (23 bytes)
1664386677.911890 sending message 105 to peer 0x564f74c738c0 (34 bytes)
1664386677.911898 sending message 105 to peer 0x564f74c738c0 (23 bytes)
1664386677.911907 sending message 105 to peer 0x564f74c738c0 (21 bytes)
1664386677.911916 sending message 105 to peer 0x564f74c738c0 (59 bytes)
1664386677.911925 sending message 105 to peer 0x564f74c738c0 (32 bytes)
1664386677.911933 sending message 105 to peer 0x564f74c738c0 (35 bytes)
1664386677.911941 sending message 105 to peer 0x564f74c738c0 (11 bytes)
1664386677.911950 sending message 105 to peer 0x564f74c738c0 (13 bytes)
1664386677.911959 sending message 105 to peer 0x564f74c738c0 (11 bytes)
1664386677.911968 sending message 105 to peer 0x564f74c738c0 (8 bytes)
1664386677.911976 sending message 105 to peer 0x564f74c738c0 (18 bytes)
1664386677.911984 sending message 105 to peer 0x564f74c738c0 (31 bytes)
1664386677.911993 sending message 105 to peer 0x564f74c738c0 (23 bytes)
1664386677.912001 sending message 105 to peer 0x564f74c738c0 (91 bytes)
1664386677.912010 sending message 105 to peer 0x564f74c738c0 (15 bytes)
1664386677.912019 sending message 105 to peer 0x564f74c738c0 (397 bytes)
1664386677.912028 sending message 105 to peer 0x564f74c738c0 (26 bytes)
1664386677.912037 sending message 105 to peer 0x564f74c738c0 (54 bytes)
1664386677.912046 sending message 105 to peer 0x564f74c738c0 (35 bytes)
1664386677.912054 sending message 105 to peer 0x564f74c738c0 (86 bytes)
1664386677.912063 sending message 105 to peer 0x564f74c738c0 (16 bytes)
1664386677.912071 sending message 105 to peer 0x564f74c738c0 (19 bytes)
1664386677.912080 sending message 105 to peer 0x564f74c738c0 (16 bytes)
1664386677.912089 sending message 106 to peer 0x564f74c738c0 (0 bytes)
1664386677.912098 sending message 200 to peer 0x564f74c738c0 (4 bytes)
1664386677.912106 client loop enter
1664386677.913455 peer 0x564f74c738c0 message 211
1664386677.913488 client_write: sessions should be nested with care, unset $TMUX to force\n
1664386677.913520 peer 0x564f74c738c0 message 203
1664386677.913535 client loop exit
